<?xml version="1.0" encoding="UTF-8"?>
<testsuite name="tree.utilities.FindMaxInBTTest" tests="1" skipped="0" failures="0" errors="0" timestamp="2019-08-30T22:44:02" hostname="38f9d3564822.ant.amazon.com" time="0.004">
  <properties/>
  <testcase name="findMaxInBTTest" classname="tree.utilities.FindMaxInBTTest" time="0.004"/>
  <system-out><![CDATA[15
51
146
]]></system-out>
  <system-err><![CDATA[]]></system-err>
</testsuite>
